<?xml version="1.0" encoding="UTF-8"?>
<testng-results ignored="0" total="1" passed="1" failed="0" skipped="0">
  <reporter-output>
  </reporter-output>
  <suite started-at="2024-01-25T13:47:46 IST" name="Default suite" finished-at="2024-01-25T13:48:41 IST" duration-ms="54810">
    <groups>
      <group name="cucumber">
        <method signature="AbstractTestNGCucumberTests.runScenario(io.cucumber.testng.PickleWrapper,io.cucumber.testng.FeatureWrapper)[pri:0, instance:Runner.TestApplication@69e153c5]" name="runScenario" class="io.cucumber.testng.AbstractTestNGCucumberTests"/>
      </group> <!-- cucumber -->
    </groups>
    <test started-at="2024-01-25T13:47:46 IST" name="Default test" finished-at="2024-01-25T13:48:41 IST" duration-ms="54810">
      <class name="Runner.TestApplication">
        <test-method is-config="true" signature="setUpClass()[pri:0, instance:Runner.TestApplication@69e153c5]" started-at="2024-01-25T13:47:46 IST" name="setUpClass" finished-at="2024-01-25T13:47:47 IST" duration-ms="1054" status="PASS">
          <reporter-output>
          </reporter-output>
        </test-method> <!-- setUpClass -->
        <test-method signature="runScenario(io.cucumber.testng.PickleWrapper,io.cucumber.testng.FeatureWrapper)[pri:0, instance:Runner.TestApplication@69e153c5]" started-at="2024-01-25T13:47:47 IST" name="runScenario" description="Runs Cucumber Scenarios" data-provider="scenarios" finished-at="2024-01-25T13:48:27 IST" duration-ms="39453" status="PASS">
          <params>
            <param index="0">
              <value>
                <![CDATA["checking if the user is able to create a chequebook - short process"]]>
              </value>
            </param>
            <param index="1">
              <value>
                <![CDATA["Optional[Testing functionalities of Chequebook feature screen]"]]>
              </value>
            </param>
          </params>
          <reporter-output>
          </reporter-output>
        </test-method> <!-- runScenario -->
        <test-method is-config="true" signature="tearDownClass()[pri:0, instance:Runner.TestApplication@69e153c5]" started-at="2024-01-25T13:48:27 IST" name="tearDownClass" finished-at="2024-01-25T13:48:41 IST" duration-ms="14245" status="PASS">
          <reporter-output>
          </reporter-output>
        </test-method> <!-- tearDownClass -->
      </class> <!-- Runner.TestApplication -->
    </test> <!-- Default test -->
  </suite> <!-- Default suite -->
</testng-results>
